<?xml version="1.0" encoding="UTF-8"?>
<!-- Generated by org.testng.reporters.JUnitXMLReporter -->
<testsuite ignored="0" hostname="GDILCB1JGL3" failures="0" tests="1" name="Test" time="0.248" errors="0" timestamp="2025-01-29T17:04:34 IST">
  <testcase classname="testBases.BaseClass" name="@BeforeClass setupBrowser" time="-1.738150473529E9">
    <failure type="org.testng.TestNGException" message="
Can inject only one of &amp;lt;ITestContext, XmlTest&amp;gt; into a @BeforeClass annotated setupBrowser.
For more information on native dependency injection please refer to https://testng.org/doc/documentation-main.html#native-dependency-injection">
      <![CDATA[org.testng.TestNGException: 
Can inject only one of <ITestContext, XmlTest> into a @BeforeClass annotated setupBrowser.
For more information on native dependency injection please refer to https://testng.org/doc/documentation-main.html#native-dependency-injection
at java.base/java.util.ArrayList.forEach(ArrayList.java:1597)
... Removed 26 stack frames]]>
    </failure>
  </testcase> <!-- @BeforeClass setupBrowser -->
  <testcase classname="testBases.BaseClass" name="@AfterClass browserClose" time="0.0">
    <skipped/>
  </testcase> <!-- @AfterClass browserClose -->
  <testcase classname="testCases.TC001_Login_Test" name="TestRun" time="0.001">
    <skipped/>
  </testcase> <!-- TestRun -->
</testsuite> <!-- Test -->
