<?xml version="1.0" encoding="UTF-8"?>
<!-- Generated by org.testng.reporters.JUnitXMLReporter -->
<testsuite ignored="0" hostname="GDILCB1JGL3" failures="0" tests="1" name="FireFox" time="0.011" errors="0" timestamp="2025-01-10T16:59:18 IST">
  <testcase classname="testBases.BaseClass" name="@BeforeClass setupBrowser" time="0.002">
    <failure type="java.lang.NullPointerException" message="Cannot invoke &amp;quot;org.openqa.selenium.WebDriver.manage()&amp;quot; because &amp;quot;this.driver&amp;quot; is null">
      <![CDATA[java.lang.NullPointerException: Cannot invoke "org.openqa.selenium.WebDriver.manage()" because "this.driver" is null
at testBases.BaseClass.setupBrowser(BaseClass.java:48)
at java.base/java.util.ArrayList.forEach(ArrayList.java:1597)
... Removed 23 stack frames]]>
    </failure>
  </testcase> <!-- @BeforeClass setupBrowser -->
  <testcase classname="testCases.TC001_Login_Test" name="TestRun" time="0.0">
    <skipped/>
  </testcase> <!-- TestRun -->
</testsuite> <!-- FireFox -->
